#0 building with "default" instance using docker driver

#1 [internal] load build definition from Dockerfile
#1 transferring dockerfile: 1.59kB done
#1 DONE 0.0s

#2 [internal] load metadata for docker.io/library/node:22-bookworm-slim
#2 DONE 0.2s

#3 [internal] load .dockerignore
#3 transferring context: 2B done
#3 DONE 0.0s

#4 [1/8] FROM docker.io/library/node:22-bookworm-slim@sha256:6c74791e557ce11fc957704f6d4fe134a7bc8d6f5ca4403205b2966bd488f6b3
#4 resolve docker.io/library/node:22-bookworm-slim@sha256:6c74791e557ce11fc957704f6d4fe134a7bc8d6f5ca4403205b2966bd488f6b3 0.0s done
#4 DONE 0.0s

#5 [internal] load build context
#5 transferring context: 51B done
#5 DONE 0.0s

#6 [3/8] RUN install -m 0755 -d /etc/apt/keyrings     && curl -fsSL https://download.docker.com/linux/debian/gpg -o /etc/apt/keyrings/docker.asc     && chmod a+r /etc/apt/keyrings/docker.asc     && . /etc/os-release     && echo "deb [arch=$(dpkg --print-architecture) signed-by=/etc/apt/keyrings/docker.asc] https://download.docker.com/linux/debian ${VERSION_CODENAME} stable"        > /etc/apt/sources.list.d/docker.list     && apt-get update     && apt-get install -y docker-ce docker-ce-cli containerd.io docker-buildx-plugin docker-compose-plugin     && rm -rf /var/lib/apt/lists/*
#6 CACHED

#7 [5/8] RUN npm install -g playwright     && playwright install --with-deps chromium
#7 CACHED

#8 [6/8] COPY dockerd-entrypoint-wrapper.sh /dockerd-entrypoint-wrapper.sh
#8 CACHED

#9 [7/8] RUN chmod +x /dockerd-entrypoint-wrapper.sh
#9 CACHED

#10 [2/8] RUN apt-get update && apt-get install -y     git     ripgrep     curl     jq     vim     && rm -rf /var/lib/apt/lists/*
#10 CACHED

#11 [4/8] RUN npm install -g bun
#11 CACHED

#12 [8/8] WORKDIR /workspace
#12 CACHED

#13 exporting to image
#13 exporting layers done
#13 exporting manifest sha256:614ec1c694a754aef904f9634b06d4ab62013dee460537f2c84febbc3898e084 done
#13 exporting config sha256:89ea76f9a58095bdbd5f7e3a6b67bac8dcfc1e0fe808e5d2771e31543f453c73 done
#13 exporting attestation manifest sha256:21a62f1bc6938a6b0d89d2fb75fa7fe45da5c67695760f86d8be0d332dfb97ce
#13 exporting attestation manifest sha256:21a62f1bc6938a6b0d89d2fb75fa7fe45da5c67695760f86d8be0d332dfb97ce 0.0s done
#13 exporting manifest list sha256:6cea4531a8add0af4d71f54b1ac02a7af0cc2192901bb80bc531494373b9b0c2 0.0s done
#13 naming to docker.io/library/coding-base:latest done
#13 unpacking to docker.io/library/coding-base:latest 0.0s done
#13 DONE 0.1s
 Container docker-envs-poe-cli-run-99b8e8c78db4 Creating 
 Container docker-envs-poe-cli-run-99b8e8c78db4 Created 
┌   Poe - agent 

✓ tokens: 1805 in → 119 out
  → exec: read_file
  ✓ exec
  → exec: read_file
  ✓ exec
  → exec: read_file
  ✓ exec

✓ tokens: 7255 in → 144 out
  → exec: list_files
  ✓ exec
  → exec: list_files
  ✓ exec

✓ tokens: 7358 in → 219 out
  → exec: read_file
  ✓ exec
  → exec: read_file
  ✓ exec
  → exec: list_files
  ✓ exec
  → exec: list_files
  ✓ exec
  → exec: list_files
  ✓ exec
✓ agent: Let
✓ agent: me also check a
✓ agent: few key reference
✓ agent: files mentioned in the
✓ agent: skills for
✓ agent: completeness.

✓ tokens: 30513 in → 214 out
  → exec: read_file
  ✓ exec
  → exec: read_file
  ✓ exec
  → exec: read_file
  ✓ exec

✓ tokens: 33571 in → 144 out
  → exec: read_file
  ✓ exec
  → exec: read_file
  ✓ exec

✓ tokens: 35443 in → 66 out
  → exec: run_command
  ✓ exec
✓ agent: Now
✓ agent: I'll write the
✓ agent: digest and update the
✓ agent: queue and field notes
✓ agent: .
│
└  Problems? https://github.com/poe-platform/poe-code/issues

│
■  Error: Internal server error
│
●  See logs at /root/.poe-code/logs/errors.log for more details.

