#0 building with "default" instance using docker driver

#1 [internal] load build definition from Dockerfile
#1 transferring dockerfile: 1.59kB done
#1 DONE 0.0s

#2 [internal] load metadata for docker.io/library/node:22-bookworm-slim
#2 DONE 0.3s

#3 [internal] load .dockerignore
#3 transferring context: 2B done
#3 DONE 0.0s

#4 [1/8] FROM docker.io/library/node:22-bookworm-slim@sha256:6c74791e557ce11fc957704f6d4fe134a7bc8d6f5ca4403205b2966bd488f6b3
#4 resolve docker.io/library/node:22-bookworm-slim@sha256:6c74791e557ce11fc957704f6d4fe134a7bc8d6f5ca4403205b2966bd488f6b3 0.0s done
#4 DONE 0.0s

#5 [internal] load build context
#5 transferring context: 51B done
#5 DONE 0.0s

#6 [6/8] COPY dockerd-entrypoint-wrapper.sh /dockerd-entrypoint-wrapper.sh
#6 CACHED

#7 [3/8] RUN install -m 0755 -d /etc/apt/keyrings     && curl -fsSL https://download.docker.com/linux/debian/gpg -o /etc/apt/keyrings/docker.asc     && chmod a+r /etc/apt/keyrings/docker.asc     && . /etc/os-release     && echo "deb [arch=$(dpkg --print-architecture) signed-by=/etc/apt/keyrings/docker.asc] https://download.docker.com/linux/debian ${VERSION_CODENAME} stable"        > /etc/apt/sources.list.d/docker.list     && apt-get update     && apt-get install -y docker-ce docker-ce-cli containerd.io docker-buildx-plugin docker-compose-plugin     && rm -rf /var/lib/apt/lists/*
#7 CACHED

#8 [7/8] RUN chmod +x /dockerd-entrypoint-wrapper.sh
#8 CACHED

#9 [2/8] RUN apt-get update && apt-get install -y     git     ripgrep     curl     jq     vim     && rm -rf /var/lib/apt/lists/*
#9 CACHED

#10 [4/8] RUN npm install -g bun
#10 CACHED

#11 [5/8] RUN npm install -g playwright     && playwright install --with-deps chromium
#11 CACHED

#12 [8/8] WORKDIR /workspace
#12 CACHED

#13 exporting to image
#13 exporting layers done
#13 exporting manifest sha256:614ec1c694a754aef904f9634b06d4ab62013dee460537f2c84febbc3898e084 done
#13 exporting config sha256:89ea76f9a58095bdbd5f7e3a6b67bac8dcfc1e0fe808e5d2771e31543f453c73 done
#13 exporting attestation manifest sha256:1360bf324a73846bc3d7c57efa983f8f4fa76cfbce7bf5e4275920578d90f0c6
#13 exporting attestation manifest sha256:1360bf324a73846bc3d7c57efa983f8f4fa76cfbce7bf5e4275920578d90f0c6 0.0s done
#13 exporting manifest list sha256:02d494dc2970452800ef34f7aa6c3bfa43c78f1d4f4f89705e392bf8bd83d880 0.0s done
#13 naming to docker.io/library/coding-base:latest done
#13 unpacking to docker.io/library/coding-base:latest 0.0s done
#13 DONE 0.1s
 Container docker-envs-poe-cli-run-871cace3f8a1 Creating 
 Container docker-envs-poe-cli-run-871cace3f8a1 Created 
┌   Poe - agent 

✓ tokens: 1805 in → 119 out
  → exec: read_file
  ✓ exec
  → exec: read_file
  ✓ exec
  → exec: read_file
  ✓ exec
│
└  Problems? https://github.com/poe-platform/poe-code/issues

│
■  Error: Internal server error
│
●  See logs at /root/.poe-code/logs/errors.log for more details.

